d:\abram\dev\git\lhmp-old\sdks\cryptopp\vc120.pdb
d:\abram\dev\git\lhmp-old\sdks\cryptopp\adhoc.cpp.copied
d:\abram\dev\git\lhmp-old\sdks\cryptopp\rdrand-x86.obj
d:\abram\dev\git\lhmp-old\sdks\cryptopp\3way.obj
d:\abram\dev\git\lhmp-old\sdks\cryptopp\adler32.obj
d:\abram\dev\git\lhmp-old\sdks\cryptopp\algebra.obj
d:\abram\dev\git\lhmp-old\sdks\cryptopp\algparam.obj
d:\abram\dev\git\lhmp-old\sdks\cryptopp\arc4.obj
d:\abram\dev\git\lhmp-old\sdks\cryptopp\aria-simd.obj
d:\abram\dev\git\lhmp-old\sdks\cryptopp\aria.obj
d:\abram\dev\git\lhmp-old\sdks\cryptopp\ariatab.obj
d:\abram\dev\git\lhmp-old\sdks\cryptopp\asn.obj
d:\abram\dev\git\lhmp-old\sdks\cryptopp\authenc.obj
d:\abram\dev\git\lhmp-old\sdks\cryptopp\base32.obj
d:\abram\dev\git\lhmp-old\sdks\cryptopp\base64.obj
d:\abram\dev\git\lhmp-old\sdks\cryptopp\basecode.obj
d:\abram\dev\git\lhmp-old\sdks\cryptopp\bfinit.obj
d:\abram\dev\git\lhmp-old\sdks\cryptopp\blake2-simd.obj
d:\abram\dev\git\lhmp-old\sdks\cryptopp\blake2.obj
d:\abram\dev\git\lhmp-old\sdks\cryptopp\blowfish.obj
d:\abram\dev\git\lhmp-old\sdks\cryptopp\blumshub.obj
d:\abram\dev\git\lhmp-old\sdks\cryptopp\camellia.obj
d:\abram\dev\git\lhmp-old\sdks\cryptopp\cast.obj
d:\abram\dev\git\lhmp-old\sdks\cryptopp\casts.obj
d:\abram\dev\git\lhmp-old\sdks\cryptopp\cbcmac.obj
d:\abram\dev\git\lhmp-old\sdks\cryptopp\ccm.obj
d:\abram\dev\git\lhmp-old\sdks\cryptopp\chacha.obj
d:\abram\dev\git\lhmp-old\sdks\cryptopp\channels.obj
d:\abram\dev\git\lhmp-old\sdks\cryptopp\cmac.obj
d:\abram\dev\git\lhmp-old\sdks\cryptopp\cpu.obj
d:\abram\dev\git\lhmp-old\sdks\cryptopp\crc-simd.obj
d:\abram\dev\git\lhmp-old\sdks\cryptopp\crc.obj
d:\abram\dev\git\lhmp-old\sdks\cryptopp\cryptlib.obj
d:\abram\dev\git\lhmp-old\sdks\cryptopp\default.obj
d:\abram\dev\git\lhmp-old\sdks\cryptopp\des.obj
d:\abram\dev\git\lhmp-old\sdks\cryptopp\dessp.obj
d:\abram\dev\git\lhmp-old\sdks\cryptopp\dh.obj
d:\abram\dev\git\lhmp-old\sdks\cryptopp\dh2.obj
d:\abram\dev\git\lhmp-old\sdks\cryptopp\dll.obj
d:\abram\dev\git\lhmp-old\sdks\cryptopp\dsa.obj
d:\abram\dev\git\lhmp-old\sdks\cryptopp\eax.obj
d:\abram\dev\git\lhmp-old\sdks\cryptopp\ec2n.obj
d:\abram\dev\git\lhmp-old\sdks\cryptopp\ecp.obj
d:\abram\dev\git\lhmp-old\sdks\cryptopp\elgamal.obj
d:\abram\dev\git\lhmp-old\sdks\cryptopp\emsa2.obj
d:\abram\dev\git\lhmp-old\sdks\cryptopp\esign.obj
d:\abram\dev\git\lhmp-old\sdks\cryptopp\files.obj
d:\abram\dev\git\lhmp-old\sdks\cryptopp\filters.obj
d:\abram\dev\git\lhmp-old\sdks\cryptopp\fips140.obj
d:\abram\dev\git\lhmp-old\sdks\cryptopp\fipstest.obj
d:\abram\dev\git\lhmp-old\sdks\cryptopp\gcm-simd.obj
d:\abram\dev\git\lhmp-old\sdks\cryptopp\gcm.obj
d:\abram\dev\git\lhmp-old\sdks\cryptopp\gf256.obj
d:\abram\dev\git\lhmp-old\sdks\cryptopp\gf2n.obj
d:\abram\dev\git\lhmp-old\sdks\cryptopp\gf2_32.obj
d:\abram\dev\git\lhmp-old\sdks\cryptopp\gfpcrypt.obj
d:\abram\dev\git\lhmp-old\sdks\cryptopp\gost.obj
d:\abram\dev\git\lhmp-old\sdks\cryptopp\gzip.obj
d:\abram\dev\git\lhmp-old\sdks\cryptopp\hex.obj
d:\abram\dev\git\lhmp-old\sdks\cryptopp\hmac.obj
d:\abram\dev\git\lhmp-old\sdks\cryptopp\hrtimer.obj
d:\abram\dev\git\lhmp-old\sdks\cryptopp\ida.obj
d:\abram\dev\git\lhmp-old\sdks\cryptopp\idea.obj
d:\abram\dev\git\lhmp-old\sdks\cryptopp\integer.obj
d:\abram\dev\git\lhmp-old\sdks\cryptopp\iterhash.obj
d:\abram\dev\git\lhmp-old\sdks\cryptopp\kalyna.obj
d:\abram\dev\git\lhmp-old\sdks\cryptopp\kalynatab.obj
d:\abram\dev\git\lhmp-old\sdks\cryptopp\keccak.obj
d:\abram\dev\git\lhmp-old\sdks\cryptopp\luc.obj
d:\abram\dev\git\lhmp-old\sdks\cryptopp\mars.obj
d:\abram\dev\git\lhmp-old\sdks\cryptopp\marss.obj
d:\abram\dev\git\lhmp-old\sdks\cryptopp\md2.obj
d:\abram\dev\git\lhmp-old\sdks\cryptopp\md4.obj
d:\abram\dev\git\lhmp-old\sdks\cryptopp\md5.obj
d:\abram\dev\git\lhmp-old\sdks\cryptopp\misc.obj
d:\abram\dev\git\lhmp-old\sdks\cryptopp\modes.obj
d:\abram\dev\git\lhmp-old\sdks\cryptopp\mqueue.obj
d:\abram\dev\git\lhmp-old\sdks\cryptopp\mqv.obj
d:\abram\dev\git\lhmp-old\sdks\cryptopp\nbtheory.obj
d:\abram\dev\git\lhmp-old\sdks\cryptopp\network.obj
d:\abram\dev\git\lhmp-old\sdks\cryptopp\oaep.obj
d:\abram\dev\git\lhmp-old\sdks\cryptopp\osrng.obj
d:\abram\dev\git\lhmp-old\sdks\cryptopp\padlkrng.obj
d:\abram\dev\git\lhmp-old\sdks\cryptopp\panama.obj
d:\abram\dev\git\lhmp-old\sdks\cryptopp\pch.obj
d:\abram\dev\git\lhmp-old\sdks\cryptopp\pkcspad.obj
d:\abram\dev\git\lhmp-old\sdks\cryptopp\poly1305.obj
d:\abram\dev\git\lhmp-old\sdks\cryptopp\polynomi.obj
d:\abram\dev\git\lhmp-old\sdks\cryptopp\pssr.obj
d:\abram\dev\git\lhmp-old\sdks\cryptopp\pubkey.obj
d:\abram\dev\git\lhmp-old\sdks\cryptopp\queue.obj
d:\abram\dev\git\lhmp-old\sdks\cryptopp\rabin.obj
d:\abram\dev\git\lhmp-old\sdks\cryptopp\randpool.obj
d:\abram\dev\git\lhmp-old\sdks\cryptopp\rc2.obj
d:\abram\dev\git\lhmp-old\sdks\cryptopp\rc5.obj
d:\abram\dev\git\lhmp-old\sdks\cryptopp\rc6.obj
d:\abram\dev\git\lhmp-old\sdks\cryptopp\rdrand.obj
d:\abram\dev\git\lhmp-old\sdks\cryptopp\rdtables.obj
d:\abram\dev\git\lhmp-old\sdks\cryptopp\rijndael-simd.obj
d:\abram\dev\git\lhmp-old\sdks\cryptopp\rijndael.obj
d:\abram\dev\git\lhmp-old\sdks\cryptopp\ripemd.obj
d:\abram\dev\git\lhmp-old\sdks\cryptopp\rng.obj
d:\abram\dev\git\lhmp-old\sdks\cryptopp\rsa.obj
d:\abram\dev\git\lhmp-old\sdks\cryptopp\rw.obj
d:\abram\dev\git\lhmp-old\sdks\cryptopp\safer.obj
d:\abram\dev\git\lhmp-old\sdks\cryptopp\salsa.obj
d:\abram\dev\git\lhmp-old\sdks\cryptopp\scrypt.obj
d:\abram\dev\git\lhmp-old\sdks\cryptopp\seal.obj
d:\abram\dev\git\lhmp-old\sdks\cryptopp\seed.obj
d:\abram\dev\git\lhmp-old\sdks\cryptopp\serpent.obj
d:\abram\dev\git\lhmp-old\sdks\cryptopp\sha-simd.obj
d:\abram\dev\git\lhmp-old\sdks\cryptopp\sha.obj
d:\abram\dev\git\lhmp-old\sdks\cryptopp\sha3.obj
d:\abram\dev\git\lhmp-old\sdks\cryptopp\shacal2-simd.obj
d:\abram\dev\git\lhmp-old\sdks\cryptopp\shacal2.obj
d:\abram\dev\git\lhmp-old\sdks\cryptopp\shark.obj
d:\abram\dev\git\lhmp-old\sdks\cryptopp\sharkbox.obj
d:\abram\dev\git\lhmp-old\sdks\cryptopp\simon-simd.obj
d:\abram\dev\git\lhmp-old\sdks\cryptopp\simon.obj
d:\abram\dev\git\lhmp-old\sdks\cryptopp\simple.obj
d:\abram\dev\git\lhmp-old\sdks\cryptopp\skipjack.obj
d:\abram\dev\git\lhmp-old\sdks\cryptopp\sm3.obj
d:\abram\dev\git\lhmp-old\sdks\cryptopp\sm4.obj
d:\abram\dev\git\lhmp-old\sdks\cryptopp\socketft.obj
d:\abram\dev\git\lhmp-old\sdks\cryptopp\sosemanuk.obj
d:\abram\dev\git\lhmp-old\sdks\cryptopp\speck-simd.obj
d:\abram\dev\git\lhmp-old\sdks\cryptopp\speck.obj
d:\abram\dev\git\lhmp-old\sdks\cryptopp\square.obj
d:\abram\dev\git\lhmp-old\sdks\cryptopp\squaretb.obj
d:\abram\dev\git\lhmp-old\sdks\cryptopp\sse-simd.obj
d:\abram\dev\git\lhmp-old\sdks\cryptopp\strciphr.obj
d:\abram\dev\git\lhmp-old\sdks\cryptopp\tea.obj
d:\abram\dev\git\lhmp-old\sdks\cryptopp\tftables.obj
d:\abram\dev\git\lhmp-old\sdks\cryptopp\threefish.obj
d:\abram\dev\git\lhmp-old\sdks\cryptopp\tiger.obj
d:\abram\dev\git\lhmp-old\sdks\cryptopp\tigertab.obj
d:\abram\dev\git\lhmp-old\sdks\cryptopp\trdlocal.obj
d:\abram\dev\git\lhmp-old\sdks\cryptopp\ttmac.obj
d:\abram\dev\git\lhmp-old\sdks\cryptopp\tweetnacl.obj
d:\abram\dev\git\lhmp-old\sdks\cryptopp\twofish.obj
d:\abram\dev\git\lhmp-old\sdks\cryptopp\vmac.obj
d:\abram\dev\git\lhmp-old\sdks\cryptopp\wait.obj
d:\abram\dev\git\lhmp-old\sdks\cryptopp\wake.obj
d:\abram\dev\git\lhmp-old\sdks\cryptopp\whrlpool.obj
d:\abram\dev\git\lhmp-old\sdks\cryptopp\winpipes.obj
d:\abram\dev\git\lhmp-old\sdks\cryptopp\xtr.obj
d:\abram\dev\git\lhmp-old\sdks\cryptopp\xtrcrypt.obj
d:\abram\dev\git\lhmp-old\sdks\cryptopp\zdeflate.obj
d:\abram\dev\git\lhmp-old\sdks\cryptopp\zinflate.obj
d:\abram\dev\git\lhmp-old\sdks\cryptopp\zlib.obj
d:\abram\dev\git\lhmp-old\sdks\cryptopp\cryptlib.pch
d:\abram\dev\git\lhmp-old\sdks\cryptopp\.\cryptlib.lib
d:\abram\dev\git\lhmp-old\sdks\cryptopp\cryptopp.tlog\cl.command.1.tlog
d:\abram\dev\git\lhmp-old\sdks\cryptopp\cryptopp.tlog\cl.read.1.tlog
d:\abram\dev\git\lhmp-old\sdks\cryptopp\cryptopp.tlog\cl.write.1.tlog
d:\abram\dev\git\lhmp-old\sdks\cryptopp\cryptopp.tlog\custombuild.command.1.tlog
d:\abram\dev\git\lhmp-old\sdks\cryptopp\cryptopp.tlog\custombuild.read.1.tlog
d:\abram\dev\git\lhmp-old\sdks\cryptopp\cryptopp.tlog\custombuild.write.1.tlog
d:\abram\dev\git\lhmp-old\sdks\cryptopp\cryptopp.tlog\lib-link.read.1.tlog
d:\abram\dev\git\lhmp-old\sdks\cryptopp\cryptopp.tlog\lib-link.write.1.tlog
d:\abram\dev\git\lhmp-old\sdks\cryptopp\cryptopp.tlog\lib.command.1.tlog
