C:\Program Files (x86)\MSBuild\Microsoft.Cpp\v4.0\V120\Microsoft.CppBuild.targets(363,5): warning MSB8004: Intermediate Directory does not end with a trailing slash.  This build instance will add the slash as it is required to allow proper evaluation of the Intermediate Directory.
C:\Program Files (x86)\MSBuild\Microsoft.Cpp\v4.0\V120\Microsoft.CppBuild.targets(364,5): warning MSB8004: Output Directory does not end with a trailing slash.  This build instance will add the slash as it is required to allow proper evaluation of the Output Directory.
  Performing Custom Build Tools
  Building and assembling rdrand.asm
   Assembling: D:\abram\dev\git\lhmp-old\sdks\CryptoPP\rdrand.asm
  pch.cpp
  cryptlib.cpp
  cpu.cpp
  integer.cpp
  3way.cpp
  adler32.cpp
  algebra.cpp
  algparam.cpp
  arc4.cpp
  aria.cpp
  aria-simd.cpp
  ariatab.cpp
  asn.cpp
  authenc.cpp
  base32.cpp
  base64.cpp
  basecode.cpp
  bfinit.cpp
  blake2.cpp
  blake2-simd.cpp
  blowfish.cpp
  Generating Code...
  Compiling...
  blumshub.cpp
  camellia.cpp
  cast.cpp
  casts.cpp
  cbcmac.cpp
  ccm.cpp
  chacha.cpp
  channels.cpp
  cmac.cpp
  crc.cpp
  crc-simd.cpp
  default.cpp
  des.cpp
  dessp.cpp
  dh.cpp
  dh2.cpp
  dsa.cpp
  eax.cpp
  ec2n.cpp
  ecp.cpp
  Generating Code...
  Compiling...
  elgamal.cpp
  emsa2.cpp
  esign.cpp
  files.cpp
  filters.cpp
  fips140.cpp
  fipstest.cpp
  gcm.cpp
  gcm-simd.cpp
  gf256.cpp
  gf2_32.cpp
  gf2n.cpp
  gfpcrypt.cpp
  gost.cpp
  gzip.cpp
  hex.cpp
  hmac.cpp
  hrtimer.cpp
  ida.cpp
  idea.cpp
  Generating Code...
  Compiling...
  kalyna.cpp
  kalynatab.cpp
  keccak.cpp
  luc.cpp
  mars.cpp
  marss.cpp
  md2.cpp
  md4.cpp
  md5.cpp
  misc.cpp
  modes.cpp
  mqueue.cpp
  mqv.cpp
  nbtheory.cpp
  network.cpp
  oaep.cpp
  osrng.cpp
  padlkrng.cpp
  panama.cpp
  pkcspad.cpp
  Generating Code...
  Compiling...
  poly1305.cpp
  polynomi.cpp
  pssr.cpp
  pubkey.cpp
  queue.cpp
  rabin.cpp
  randpool.cpp
  rc2.cpp
  rc5.cpp
  rc6.cpp
  rdrand.cpp
  rdtables.cpp
  rijndael.cpp
  rijndael-simd.cpp
  ripemd.cpp
  rng.cpp
  rsa.cpp
  rw.cpp
  safer.cpp
  salsa.cpp
  Generating Code...
  Compiling...
  scrypt.cpp
  seal.cpp
  seed.cpp
  serpent.cpp
  sha.cpp
  sha-simd.cpp
  sha3.cpp
  shacal2.cpp
  shacal2-simd.cpp
  shark.cpp
  sharkbox.cpp
  simon.cpp
  simon-simd.cpp
  simple.cpp
  skipjack.cpp
  sm3.cpp
  sm4.cpp
  socketft.cpp
  sosemanuk.cpp
  speck.cpp
  Generating Code...
  Compiling...
  speck-simd.cpp
  square.cpp
  squaretb.cpp
  sse-simd.cpp
  strciphr.cpp
  tea.cpp
  tftables.cpp
  threefish.cpp
  tiger.cpp
  tigertab.cpp
  trdlocal.cpp
  ttmac.cpp
  tweetnacl.cpp
  twofish.cpp
  vmac.cpp
  wait.cpp
  wake.cpp
  whrlpool.cpp
  winpipes.cpp
  xtr.cpp
  Generating Code...
  Compiling...
  xtrcrypt.cpp
  zdeflate.cpp
  zinflate.cpp
  zlib.cpp
  Generating Code...
  dll.cpp
  iterhash.cpp
  Generating Code...
mqv.obj : warning LNK4221: This object file does not define any previously undefined public symbols, so it will not be used by any link operation that consumes this library
elgamal.obj : warning LNK4221: This object file does not define any previously undefined public symbols, so it will not be used by any link operation that consumes this library
dh.obj : warning LNK4221: This object file does not define any previously undefined public symbols, so it will not be used by any link operation that consumes this library
  cryptlib.vcxproj -> D:\abram\dev\git\lhmp-old\sdks\CryptoPP\.\cryptlib.lib
